<?xml version="1.0" encoding="UTF-8"?>
<!-- Generated by org.testng.reporters.JUnitXMLReporter -->
<testsuite ignored="0" hostname="DESKTOP-48ME6A4" failures="0" tests="3" name="Test" time="43.144" errors="0" timestamp="17 Sep 2022 04:33:08 GMT">
  <testcase classname="testcases.SimplilearnLoginTest" name="Test1" time="10.244"/>
  <testcase classname="testcases.SimplilearnLoginTest" name="Test2" time="9.385"/>
  <testcase classname="testcases.SimplilearnLoginTest" name="Test3" time="8.817"/>
</testsuite> <!-- Test -->
