<?xml version="1.0" encoding="UTF-8"?>
<!-- Generated by org.testng.reporters.JUnitXMLReporter -->
<testsuite ignored="0" hostname="DESKTOP-48ME6A4" failures="0" tests="3" name="Test" time="50.343" errors="0" timestamp="18 Sep 2022 06:34:20 GMT">
  <testcase classname="testcases.SimplilearnLoginTest" name="Test1" time="10.328"/>
  <testcase classname="testcases.SimplilearnLoginTest" name="Test2" time="10.668"/>
  <testcase classname="testcases.SimplilearnLoginTest" name="Test3" time="10.47"/>
</testsuite> <!-- Test -->
