<?xml version="1.0" encoding="UTF-8"?>
<!-- Generated by org.testng.reporters.JUnitXMLReporter -->
<testsuite ignored="0" hostname="DESKTOP-48ME6A4" failures="0" tests="3" name="Test" time="58.621" errors="0" timestamp="18 Sep 2022 04:09:46 GMT">
  <testcase classname="testcases.SimplilearnLoginTest" name="Test1" time="11.506"/>
  <testcase classname="testcases.SimplilearnLoginTest" name="Test2" time="11.561"/>
  <testcase classname="testcases.SimplilearnLoginTest" name="Test3" time="9.454"/>
</testsuite> <!-- Test -->
