<?xml version="1.0" encoding="UTF-8"?>
<testng-results ignored="0" total="3" passed="3" failed="0" skipped="0">
  <reporter-output>
  </reporter-output>
  <suite started-at="2022-09-17T04:32:25Z" name="Suite" finished-at="2022-09-17T04:33:08Z" duration-ms="43144">
    <groups>
    </groups>
    <test started-at="2022-09-17T04:32:25Z" name="Test" finished-at="2022-09-17T04:33:08Z" duration-ms="43144">
      <class name="testcases.SimplilearnLoginTest">
        <test-method is-config="true" signature="DataSetUp()[pri:0, instance:testcases.SimplilearnLoginTest@4397ad89]" started-at="2022-09-17T04:32:25Z" name="DataSetUp" finished-at="2022-09-17T04:32:27Z" duration-ms="1357" status="PASS">
          <reporter-output>
          </reporter-output>
        </test-method> <!-- DataSetUp -->
        <test-method is-config="true" signature="SetUp(java.lang.reflect.Method)[pri:0, instance:testcases.SimplilearnLoginTest@4397ad89]" started-at="2022-09-17T04:32:27Z" name="SetUp" finished-at="2022-09-17T04:32:31Z" duration-ms="4371" status="PASS">
          <params>
            <param index="0">
              <value>
                <![CDATA[public void testcases.SimplilearnLoginTest.Test1()]]>
              </value>
            </param>
          </params>
          <reporter-output>
          </reporter-output>
        </test-method> <!-- SetUp -->
        <test-method signature="Test1()[pri:0, instance:testcases.SimplilearnLoginTest@4397ad89]" started-at="2022-09-17T04:32:31Z" name="Test1" finished-at="2022-09-17T04:32:41Z" duration-ms="10244" status="PASS">
          <reporter-output>
          </reporter-output>
        </test-method> <!-- Test1 -->
        <test-method is-config="true" signature="TearDown()[pri:0, instance:testcases.SimplilearnLoginTest@4397ad89]" started-at="2022-09-17T04:32:41Z" name="TearDown" finished-at="2022-09-17T04:32:42Z" duration-ms="548" status="PASS">
          <reporter-output>
          </reporter-output>
        </test-method> <!-- TearDown -->
        <test-method is-config="true" signature="SetUp(java.lang.reflect.Method)[pri:0, instance:testcases.SimplilearnLoginTest@4397ad89]" started-at="2022-09-17T04:32:42Z" name="SetUp" finished-at="2022-09-17T04:32:45Z" duration-ms="3198" status="PASS">
          <params>
            <param index="0">
              <value>
                <![CDATA[public void testcases.SimplilearnLoginTest.Test2(java.lang.String,java.lang.String)]]>
              </value>
            </param>
          </params>
          <reporter-output>
          </reporter-output>
        </test-method> <!-- SetUp -->
        <test-method signature="Test2(java.lang.String, java.lang.String)[pri:0, instance:testcases.SimplilearnLoginTest@4397ad89]" started-at="2022-09-17T04:32:45Z" name="Test2" finished-at="2022-09-17T04:32:54Z" duration-ms="9385" status="PASS">
          <params>
            <param index="0">
              <value>
                <![CDATA[abc@xyz.com]]>
              </value>
            </param>
            <param index="1">
              <value>
                <![CDATA[Abc@1234]]>
              </value>
            </param>
          </params>
          <reporter-output>
          </reporter-output>
        </test-method> <!-- Test2 -->
        <test-method is-config="true" signature="TearDown()[pri:0, instance:testcases.SimplilearnLoginTest@4397ad89]" started-at="2022-09-17T04:32:54Z" name="TearDown" finished-at="2022-09-17T04:32:55Z" duration-ms="388" status="PASS">
          <reporter-output>
          </reporter-output>
        </test-method> <!-- TearDown -->
        <test-method is-config="true" signature="SetUp(java.lang.reflect.Method)[pri:0, instance:testcases.SimplilearnLoginTest@4397ad89]" started-at="2022-09-17T04:32:55Z" name="SetUp" finished-at="2022-09-17T04:32:58Z" duration-ms="3595" status="PASS">
          <params>
            <param index="0">
              <value>
                <![CDATA[public void testcases.SimplilearnLoginTest.Test3()]]>
              </value>
            </param>
          </params>
          <reporter-output>
          </reporter-output>
        </test-method> <!-- SetUp -->
        <test-method signature="Test3()[pri:0, instance:testcases.SimplilearnLoginTest@4397ad89]" started-at="2022-09-17T04:32:58Z" name="Test3" finished-at="2022-09-17T04:33:07Z" duration-ms="8817" status="PASS">
          <reporter-output>
          </reporter-output>
        </test-method> <!-- Test3 -->
        <test-method is-config="true" signature="TearDown()[pri:0, instance:testcases.SimplilearnLoginTest@4397ad89]" started-at="2022-09-17T04:33:07Z" name="TearDown" finished-at="2022-09-17T04:33:08Z" duration-ms="526" status="PASS">
          <reporter-output>
          </reporter-output>
        </test-method> <!-- TearDown -->
        <test-method is-config="true" signature="DataClean()[pri:0, instance:testcases.SimplilearnLoginTest@4397ad89]" started-at="2022-09-17T04:33:08Z" name="DataClean" finished-at="2022-09-17T04:33:08Z" duration-ms="662" status="PASS">
          <reporter-output>
          </reporter-output>
        </test-method> <!-- DataClean -->
      </class> <!-- testcases.SimplilearnLoginTest -->
    </test> <!-- Test -->
  </suite> <!-- Suite -->
</testng-results>
